生成启动时间为 2018/4/13 星期五 下午 3:54:51。
     1>项目“I:\learnc\Code\C++\Algorithm\Algorithm\Algorithm.vcxproj”在节点 2 上(Build 个目标)。
     1>ClCompile:
         C:\Program Files (x86)\Microsoft Visual Studio 12.0\VC\bin\CL.exe /c /ZI /nologo /W3 /WX- /sdl /Od /Oy- /D _MBCS /Gm /EHsc /RTC1 /MDd /GS /fp:precise /Zc:wchar_t /Zc:forScope /Fo"Debug\\" /Fd"Debug\vc120.pdb" /Gd /TP /analyze- /errorReport:prompt "102. 二叉树的层次遍历.cpp"
         102. 二叉树的层次遍历.cpp
       Link:
         C:\Program Files (x86)\Microsoft Visual Studio 12.0\VC\bin\link.exe /ERRORREPORT:PROMPT /OUT:"I:\learnc\Code\C++\Algorithm\Debug\Algorithm.exe" /INCREMENTAL /NOLOGO kernel32.lib user32.lib gdi32.lib winspool.lib comdlg32.lib advapi32.lib shell32.lib ole32.lib oleaut32.lib uuid.lib odbc32.lib odbccp32.lib /MANIFEST /MANIFESTUAC:"level='asInvoker' uiAccess='false'" /manifest:embed /DEBUG /PDB:"I:\learnc\Code\C++\Algorithm\Debug\Algorithm.pdb" /TLBID:1 /DYNAMICBASE /NXCOMPAT /IMPLIB:"I:\learnc\Code\C++\Algorithm\Debug\Algorithm.lib" /MACHINE:X86 "Debug\004. Median of Two Sorted Arrays.obj"
         Debug\004_Edit.obj
         "Debug\005. Longest Palindromic Substring.obj"
         "Debug\009. Palindrome Number.obj"
         "Debug\011. Container With Most Water.obj"
         "Debug\094. Binary Tree Traversal.obj"
         "Debug\102. 二叉树的层次遍历.obj"
         "Debug\349. Intersection of Two Arrays.obj"
         "Debug\647. Palindromic Substrings.obj"
         "Debug\657. Judge Route Circle.obj"
         Debug\AStart.obj
         Debug\EnCode.obj
         Debug\MatrixUDG.obj
         Debug\mazeProblem.obj
         Debug\MeMatrixUDG.obj
         Debug\Rotation.obj
         Algorithm.vcxproj -> I:\learnc\Code\C++\Algorithm\Debug\Algorithm.exe
     1>已完成生成项目“I:\learnc\Code\C++\Algorithm\Algorithm\Algorithm.vcxproj”(Build 个目标)的操作。

生成成功。

已用时间 00:00:00.61
